IP Upgrade report for Computer_System_custom
Thu Dec 16 14:19:52 2021
Quartus Prime Version 18.1.1 Build 646 04/11/2019 SJ Lite Edition


---------------------
; Table of Contents ;
---------------------
  1. Legal Notice
  2. IP Upgrade Summary
  3. Successfully Upgraded IP Components
  4. IP Upgrade Messages



----------------
; Legal Notice ;
----------------
Copyright (C) 2019  Intel Corporation. All rights reserved.
Your use of Intel Corporation's design tools, logic functions 
and other software and tools, and any partner logic 
functions, and any output files from any of the foregoing 
(including device programming or simulation files), and any 
associated documentation or information are expressly subject 
to the terms and conditions of the Intel Program License 
Subscription Agreement, the Intel Quartus Prime License Agreement,
the Intel FPGA IP License Agreement, or other applicable license
agreement, including, without limitation, that your use is for
the sole purpose of programming logic devices manufactured by
Intel and sold by Intel or its authorized distributors.  Please
refer to the applicable agreement for further details, at
https://fpgasoftware.intel.com/eula.



+----------------------------------------------------------------------------+
; IP Upgrade Summary                                                         ;
+------------------------------+---------------------------------------------+
; IP Components Upgrade Status ; Passed - Thu Dec 16 14:19:52 2021           ;
; Quartus Prime Version        ; 18.1.1 Build 646 04/11/2019 SJ Lite Edition ;
; Revision Name                ; Computer_System_custom                      ;
; Top-level Entity Name        ; top_level                                   ;
; Family                       ; Cyclone IV E                                ;
+------------------------------+---------------------------------------------+


+------------------------------------------------------------------------------------------------------------------+
; Successfully Upgraded IP Components                                                                              ;
+-------------+----------------+---------+----------------------+----------------------+-----------------+---------+
; Entity Name ; Component Name ; Version ; Original Source File ; Generation File Path ; New Source File ; Message ;
+-------------+----------------+---------+----------------------+----------------------+-----------------+---------+
; Custom_qsys ; Qsys           ; N/A     ; Custom_qsys.qsys     ; Custom_qsys.qsys     ;                 ;         ;
+-------------+----------------+---------+----------------------+----------------------+-----------------+---------+


+---------------------+
; IP Upgrade Messages ;
+---------------------+
Info (11902): Backing up file "Custom_qsys.qsys" to "Custom_qsys.BAK.qsys"
Info (11837): Started upgrading IP component Qsys with file "Custom_qsys.qsys"
Info: 2021.12.16.14:19:52 Info: Starting to upgrade the IP cores in the Platform Designer system
Info: 2021.12.16.14:19:52 Info: Finished upgrading the ip cores
Info (11131): Completed upgrading IP component Qsys with file "Custom_qsys.qsys"
Info (23030): Evaluation of Tcl script c:/intelfpga_lite/18.1/quartus/common/tcl/internal/ip_regen/ip_regen.tcl was successful
Info: Quartus Prime Shell was successful. 0 errors, 0 warnings
    Info: Peak virtual memory: 4852 megabytes
    Info: Processing ended: Thu Dec 16 14:19:52 2021
    Info: Elapsed time: 00:00:22
    Info: Total CPU time (on all processors): 00:00:59


