Flow report for Computer_System_custom
Tue Jan 11 09:04:47 2022
Quartus Prime Version 18.1.1 Build 646 04/11/2019 SJ Lite Edition


---------------------
; Table of Contents ;
---------------------
  1. Legal Notice
  2. Flow Summary
  3. Flow Settings
  4. Flow Non-Default Global Settings
  5. Flow Elapsed Time
  6. Flow OS Summary
  7. Flow Log
  8. Flow Messages
  9. Flow Suppressed Messages



----------------
; Legal Notice ;
----------------
Copyright (C) 2019  Intel Corporation. All rights reserved.
Your use of Intel Corporation's design tools, logic functions 
and other software and tools, and any partner logic 
functions, and any output files from any of the foregoing 
(including device programming or simulation files), and any 
associated documentation or information are expressly subject 
to the terms and conditions of the Intel Program License 
Subscription Agreement, the Intel Quartus Prime License Agreement,
the Intel FPGA IP License Agreement, or other applicable license
agreement, including, without limitation, that your use is for
the sole purpose of programming logic devices manufactured by
Intel and sold by Intel or its authorized distributors.  Please
refer to the applicable agreement for further details, at
https://fpgasoftware.intel.com/eula.



+----------------------------------------------------------------------------------+
; Flow Summary                                                                     ;
+------------------------------------+---------------------------------------------+
; Flow Status                        ; Successful - Tue Jan 11 09:03:37 2022       ;
; Quartus Prime Version              ; 18.1.1 Build 646 04/11/2019 SJ Lite Edition ;
; Revision Name                      ; Computer_System_custom                      ;
; Top-level Entity Name              ; top_level                                   ;
; Family                             ; Cyclone IV E                                ;
; Device                             ; EP4CE115F29C7                               ;
; Timing Models                      ; Final                                       ;
; Total logic elements               ; 88,718 / 114,480 ( 77 % )                   ;
;     Total combinational functions  ; 80,669 / 114,480 ( 70 % )                   ;
;     Dedicated logic registers      ; 45,696 / 114,480 ( 40 % )                   ;
; Total registers                    ; 45815                                       ;
; Total pins                         ; 212 / 529 ( 40 % )                          ;
; Total virtual pins                 ; 0                                           ;
; Total memory bits                  ; 111,008 / 3,981,312 ( 3 % )                 ;
; Embedded Multiplier 9-bit elements ; 532 / 532 ( 100 % )                         ;
; Total PLLs                         ; 2 / 4 ( 50 % )                              ;
+------------------------------------+---------------------------------------------+


+--------------------------------------------+
; Flow Settings                              ;
+-------------------+------------------------+
; Option            ; Setting                ;
+-------------------+------------------------+
; Start date & time ; 01/11/2022 08:42:42    ;
; Main task         ; Compilation            ;
; Revision Name     ; Computer_System_custom ;
+-------------------+------------------------+


+------------------------------------------------------------------------------------------------------------------------------------------------+
; Flow Non-Default Global Settings                                                                                                               ;
+-------------------------------------+----------------------------------------+--------------------------------------+-------------+------------+
; Assignment Name                     ; Value                                  ; Default Value                        ; Entity Name ; Section Id ;
+-------------------------------------+----------------------------------------+--------------------------------------+-------------+------------+
; COMPILER_SIGNATURE_ID               ; 66504332413339.164188696218220         ; --                                   ; --          ; --         ;
; FLOW_ENABLE_IO_ASSIGNMENT_ANALYSIS  ; On                                     ; Off                                  ; --          ; --         ;
; MAX_CORE_JUNCTION_TEMP              ; 85                                     ; --                                   ; --          ; --         ;
; MIN_CORE_JUNCTION_TEMP              ; 0                                      ; --                                   ; --          ; --         ;
; NOMINAL_CORE_SUPPLY_VOLTAGE         ; 1.2V                                   ; --                                   ; --          ; --         ;
; NUM_PARALLEL_PROCESSORS             ; All                                    ; --                                   ; --          ; --         ;
; PARTITION_COLOR                     ; -- (Not supported for targeted family) ; --                                   ; top_level   ; Top        ;
; PARTITION_FITTER_PRESERVATION_LEVEL ; -- (Not supported for targeted family) ; --                                   ; top_level   ; Top        ;
; PARTITION_NETLIST_TYPE              ; -- (Not supported for targeted family) ; --                                   ; top_level   ; Top        ;
; POWER_BOARD_THERMAL_MODEL           ; None (CONSERVATIVE)                    ; --                                   ; --          ; --         ;
; POWER_PRESET_COOLING_SOLUTION       ; 23 MM HEAT SINK WITH 200 LFPM AIRFLOW  ; --                                   ; --          ; --         ;
; PROJECT_IP_REGENERATION_POLICY      ; ALWAYS_REGENERATE_IP                   ; SKIP_REGENERATING_IP_IF_HDL_MODIFIED ; --          ; --         ;
; PROJECT_OUTPUT_DIRECTORY            ; output_files                           ; --                                   ; --          ; --         ;
; TOP_LEVEL_ENTITY                    ; top_level                              ; Computer_System_custom               ; --          ; --         ;
+-------------------------------------+----------------------------------------+--------------------------------------+-------------+------------+


+-----------------------------------------------------------------------------------------------------------------------------+
; Flow Elapsed Time                                                                                                           ;
+-------------------------+--------------+-------------------------+---------------------+------------------------------------+
; Module Name             ; Elapsed Time ; Average Processors Used ; Peak Virtual Memory ; Total CPU Time (on all processors) ;
+-------------------------+--------------+-------------------------+---------------------+------------------------------------+
; Analysis & Synthesis    ; 00:04:33     ; 1.0                     ; 5707 MB             ; 00:05:25                           ;
; I/O Assignment Analysis ; 00:01:24     ; 1.0                     ; 5335 MB             ; 00:01:23                           ;
; Fitter                  ; 00:14:08     ; 1.2                     ; 8256 MB             ; 00:51:55                           ;
; Assembler               ; 00:00:08     ; 1.0                     ; 5015 MB             ; 00:00:07                           ;
; Timing Analyzer         ; 00:01:07     ; 3.2                     ; 6192 MB             ; 00:01:29                           ;
; Total                   ; 00:21:20     ; --                      ; --                  ; 01:00:19                           ;
+-------------------------+--------------+-------------------------+---------------------+------------------------------------+


+---------------------------------------------------------------------------------------+
; Flow OS Summary                                                                       ;
+-------------------------+------------------+------------+------------+----------------+
; Module Name             ; Machine Hostname ; OS Name    ; OS Version ; Processor type ;
+-------------------------+------------------+------------+------------+----------------+
; Analysis & Synthesis    ; ARAN-TUF         ; Windows 10 ; 10.0       ; x86_64         ;
; I/O Assignment Analysis ; ARAN-TUF         ; Windows 10 ; 10.0       ; x86_64         ;
; Fitter                  ; ARAN-TUF         ; Windows 10 ; 10.0       ; x86_64         ;
; Assembler               ; ARAN-TUF         ; Windows 10 ; 10.0       ; x86_64         ;
; Timing Analyzer         ; ARAN-TUF         ; Windows 10 ; 10.0       ; x86_64         ;
+-------------------------+------------------+------------+------------+----------------+


------------
; Flow Log ;
------------
quartus_map --read_settings_files=on --write_settings_files=off Computer_System_custom -c Computer_System_custom
quartus_fit --read_settings_files=off --write_settings_files=off Computer_System_custom -c Computer_System_custom --plan
quartus_fit --read_settings_files=off --write_settings_files=off Computer_System_custom -c Computer_System_custom
quartus_asm --read_settings_files=off --write_settings_files=off Computer_System_custom -c Computer_System_custom
quartus_sta Computer_System_custom -c Computer_System_custom



